<?xml version="1.0" encoding="UTF-8"?>
<!-- Generated by org.testng.reporters.JUnitXMLReporter -->
<testsuite hostname="probs-165" ignored="6" name="Test" tests="35" failures="8" timestamp="18 Nov 2019 06:23:00 GMT" time="1326.928" errors="0">
  <testcase name="TC1_verifyfieldspresent" time="44.048" classname="com.protech.nvkids.testcases.bstl.BatchStatusLogsTestcase">
    <failure type="java.lang.AssertionError" message="The element is not accessible">
      <![CDATA[java.lang.AssertionError: The element is not accessible
	at org.junit.Assert.fail(Assert.java:88)
	at com.protech.selenium.api.base.SeleniumBase.click(SeleniumBase.java:236)
	at com.protech.nvkids.pages.bstl.BatchStatusLogsPage.verifyFieldsPresent(BatchStatusLogsPage.java:114)
	at com.protech.nvkids.testcases.bstl.BatchStatusLogsTestcase.TC1_verifyfieldspresent(BatchStatusLogsTestcase.java:29)
... Removed 25 stack frames]]>
    </failure>
  </testcase> <!-- TC1_verifyfieldspresent -->
  <testcase name="TC2_VerifyCharAllowance_PositiveScenario" time="21.067" classname="com.protech.nvkids.testcases.bstl.BatchStatusLogsTestcase"/>
  <testcase name="TC3_VerifyCharAllowance_NegativeScenario" time="22.634" classname="com.protech.nvkids.testcases.bstl.BatchStatusLogsTestcase"/>
  <testcase name="TC4_VerifyFieldsLength" time="20.66" classname="com.protech.nvkids.testcases.bstl.BatchStatusLogsTestcase"/>
  <testcase name="TC5_Inquirewith_nullFromDate" time="22.714" classname="com.protech.nvkids.testcases.bstl.BatchStatusLogsTestcase"/>
  <testcase name="TC6_Inquirewith_InvalidFromDate" time="22.011" classname="com.protech.nvkids.testcases.bstl.BatchStatusLogsTestcase"/>
  <testcase name="TC7_Inquirewith_InvalidToDate" time="24.217" classname="com.protech.nvkids.testcases.bstl.BatchStatusLogsTestcase"/>
  <testcase name="TC8_InquireWith_FutureFromDate" time="22.873" classname="com.protech.nvkids.testcases.bstl.BatchStatusLogsTestcase"/>
  <testcase name="TC9_InquireWith_FutureThroughDate" time="25.537" classname="com.protech.nvkids.testcases.bstl.BatchStatusLogsTestcase"/>
  <testcase name="TC10_verifyValidation_VerifygGreaterThroughDate" time="47.749" classname="com.protech.nvkids.testcases.bstl.BatchStatusLogsTestcase">
    <failure type="java.lang.AssertionError" message="The expected text doesn&amp;apos;t contain the actual Through Date Must be Greater than or Equal to From Date">
      <![CDATA[java.lang.AssertionError: The expected text doesn't contain the actual Through Date Must be Greater than or Equal to From Date
	at org.junit.Assert.fail(Assert.java:88)
	at com.protech.selenium.api.base.SeleniumBase.verifyPartialText(SeleniumBase.java:1616)
	at com.protech.nvkids.pages.bstl.BatchStatusLogsPage.verifyGreaterThroughDate(BatchStatusLogsPage.java:264)
	at com.protech.nvkids.testcases.bstl.BatchStatusLogsTestcase.TC10_verifyValidation_VerifygGreaterThroughDate(BatchStatusLogsTestcase.java:101)
... Removed 25 stack frames]]>
    </failure>
  </testcase> <!-- TC10_verifyValidation_VerifygGreaterThroughDate -->
  <testcase name="TC11_verify_NoMatchingRecords" time="45.676" classname="com.protech.nvkids.testcases.bstl.BatchStatusLogsTestcase">
    <failure type="java.lang.AssertionError" message="The expected text doesn&amp;apos;t contain the actual No Matching Records Found">
      <![CDATA[java.lang.AssertionError: The expected text doesn't contain the actual No Matching Records Found
	at org.junit.Assert.fail(Assert.java:88)
	at com.protech.selenium.api.base.SeleniumBase.verifyPartialText(SeleniumBase.java:1616)
	at com.protech.nvkids.pages.bstl.BatchStatusLogsPage.verifyNoMatchRecords(BatchStatusLogsPage.java:278)
	at com.protech.nvkids.testcases.bstl.BatchStatusLogsTestcase.TC11_verify_NoMatchingRecords(BatchStatusLogsTestcase.java:109)
... Removed 25 stack frames]]>
    </failure>
  </testcase> <!-- TC11_verify_NoMatchingRecords -->
  <testcase name="TC12_verify_CopyPasteAllowance" time="20.276" classname="com.protech.nvkids.testcases.bstl.BatchStatusLogsTestcase"/>
  <testcase name="TC12_verify_SuccesfulInquiry" time="26.559" classname="com.protech.nvkids.testcases.bstl.BatchStatusLogsTestcase">
    <failure type="java.lang.AssertionError">
      <![CDATA[java.lang.AssertionError
	at org.junit.Assert.fail(Assert.java:86)
	at org.junit.Assert.fail(Assert.java:95)
	at com.protech.selenium.api.base.SeleniumBase.VerifyGridHasData(SeleniumBase.java:2285)
	at com.protech.nvkids.pages.bstl.BatchStatusLogsPage.verifySuccesfulInquiry(BatchStatusLogsPage.java:296)
	at com.protech.nvkids.testcases.bstl.BatchStatusLogsTestcase.TC12_verify_SuccesfulInquiry(BatchStatusLogsTestcase.java:116)
... Removed 25 stack frames]]>
    </failure>
  </testcase> <!-- TC12_verify_SuccesfulInquiry -->
  <testcase name="TC13_verifyfieldspresent" time="44.257" classname="com.protech.nvkids.testcases.bstl.BatchErrorsTestcase">
    <failure type="java.lang.AssertionError" message="The element is not accessible">
      <![CDATA[java.lang.AssertionError: The element is not accessible
	at org.junit.Assert.fail(Assert.java:88)
	at com.protech.selenium.api.base.SeleniumBase.click(SeleniumBase.java:236)
	at com.protech.nvkids.pages.bstl.BatchErrorsPage.verifyFieldsPresent(BatchErrorsPage.java:150)
	at com.protech.nvkids.testcases.bstl.BatchErrorsTestcase.TC13_verifyfieldspresent(BatchErrorsTestcase.java:19)
... Removed 25 stack frames]]>
    </failure>
  </testcase> <!-- TC13_verifyfieldspresent -->
  <testcase name="TC14_VerifyCharAllowance_PositiveScenario" time="25.172" classname="com.protech.nvkids.testcases.bstl.BatchErrorsTestcase"/>
  <testcase name="TC15_VerifyCharAllowance_NegativeScenario" time="25.972" classname="com.protech.nvkids.testcases.bstl.BatchErrorsTestcase"/>
  <testcase name="TC16_VerifyFieldsLength" time="24.715" classname="com.protech.nvkids.testcases.bstl.BatchErrorsTestcase"/>
  <testcase name="TC17_verifyNullProcessDate" time="18.653" classname="com.protech.nvkids.testcases.bstl.BatchErrorsTestcase">
    <failure type="java.lang.AssertionError" message="Link not accessible">
      <![CDATA[java.lang.AssertionError: Link not accessible
	at org.junit.Assert.fail(Assert.java:88)
	at com.protech.selenium.api.base.SeleniumBase.clickLink(SeleniumBase.java:312)
	at com.protech.nvkids.pages.bstl.BatchStatusLogsPage.navigatetoBatchErrors(BatchStatusLogsPage.java:80)
	at com.protech.nvkids.testcases.bstl.BatchErrorsTestcase.TC17_verifyNullProcessDate(BatchErrorsTestcase.java:58)
... Removed 25 stack frames]]>
    </failure>
  </testcase> <!-- TC17_verifyNullProcessDate -->
  <testcase name="TC18_verifyInvalidProcessDate" time="27.665" classname="com.protech.nvkids.testcases.bstl.BatchErrorsTestcase"/>
  <testcase name="TC19_verifyValidation_VerifyFutureProcessDate" time="28.503" classname="com.protech.nvkids.testcases.bstl.BatchErrorsTestcase"/>
  <testcase name="TC20_verify_NoMatchingRecords" time="29.7" classname="com.protech.nvkids.testcases.bstl.BatchErrorsTestcase"/>
  <testcase name="TC21_verify_CopyPasteAllowance" time="24.964" classname="com.protech.nvkids.testcases.bstl.BatchErrorsTestcase"/>
  <testcase name="TC21_verify_SuccessfulInquiry" time="28.632" classname="com.protech.nvkids.testcases.bstl.BatchErrorsTestcase">
    <failure type="java.lang.AssertionError">
      <![CDATA[java.lang.AssertionError
	at org.junit.Assert.fail(Assert.java:86)
	at org.junit.Assert.fail(Assert.java:95)
	at com.protech.selenium.api.base.SeleniumBase.VerifyGridHasData(SeleniumBase.java:2285)
	at com.protech.nvkids.pages.bstl.BatchErrorsPage.verifySuccessfulInquiry(BatchErrorsPage.java:206)
	at com.protech.nvkids.testcases.bstl.BatchErrorsTestcase.TC21_verify_SuccessfulInquiry(BatchErrorsTestcase.java:99)
... Removed 25 stack frames]]>
    </failure>
  </testcase> <!-- TC21_verify_SuccessfulInquiry -->
  <testcase name="TC22_verifyfieldspresent" time="21.788" classname="com.protech.nvkids.testcases.bstl.PrintQueueErrorsTestcase"/>
  <testcase name="TC23_VerifyCharAllowance_PositiveScenario" time="29.649" classname="com.protech.nvkids.testcases.bstl.PrintQueueErrorsTestcase"/>
  <testcase name="TC24_VerifyCharAllowance_NegativeScenario" time="28.345" classname="com.protech.nvkids.testcases.bstl.PrintQueueErrorsTestcase"/>
  <testcase name="TC25_VerifyFieldsLength" time="27.006" classname="com.protech.nvkids.testcases.bstl.PrintQueueErrorsTestcase"/>
  <testcase name="TC26_verifyNullProcessDate" time="26.897" classname="com.protech.nvkids.testcases.bstl.PrintQueueErrorsTestcase"/>
  <testcase name="TC27_verifyInvalidProcessDate" time="27.409" classname="com.protech.nvkids.testcases.bstl.PrintQueueErrorsTestcase"/>
  <testcase name="TC28_verifyValidation_VerifyFutureProcessDate" time="28.47" classname="com.protech.nvkids.testcases.bstl.PrintQueueErrorsTestcase"/>
  <testcase name="TC29_verifyInvalidCaseID" time="31.655" classname="com.protech.nvkids.testcases.bstl.PrintQueueErrorsTestcase"/>
  <testcase name="TC30_verifyInvalidNoticeID" time="29.714" classname="com.protech.nvkids.testcases.bstl.PrintQueueErrorsTestcase"/>
  <testcase name="TC31_verify_NoMatchingRecords" time="29.824" classname="com.protech.nvkids.testcases.bstl.PrintQueueErrorsTestcase"/>
  <testcase name="TC32_verify_CopyPasteAllowance" time="26.28" classname="com.protech.nvkids.testcases.bstl.PrintQueueErrorsTestcase"/>
  <testcase name="TC32_verify_VerifySuccessfulInquiry" time="28.561" classname="com.protech.nvkids.testcases.bstl.PrintQueueErrorsTestcase">
    <failure type="java.lang.AssertionError">
      <![CDATA[java.lang.AssertionError
	at org.junit.Assert.fail(Assert.java:86)
	at org.junit.Assert.fail(Assert.java:95)
	at com.protech.selenium.api.base.SeleniumBase.VerifyGridHasData(SeleniumBase.java:2285)
	at com.protech.nvkids.pages.bstl.PrintQueueErrorsPage.VerifySucessfulInquiry(PrintQueueErrorsPage.java:260)
	at com.protech.nvkids.testcases.bstl.PrintQueueErrorsTestcase.TC32_verify_VerifySuccessfulInquiry(PrintQueueErrorsTestcase.java:130)
... Removed 25 stack frames]]>
    </failure>
  </testcase> <!-- TC32_verify_VerifySuccessfulInquiry -->
  <testcase name="@AfterSuite stopReport" time="0.0" classname="utils.Reporter">
    <ignored/>
  </testcase> <!-- @AfterSuite stopReport -->
  <testcase name="@AfterSuite stopReport" time="0.0" classname="utils.Reporter">
    <ignored/>
  </testcase> <!-- @AfterSuite stopReport -->
  <testcase name="@BeforeTest Deleteimages" time="0.0" classname="utils.Reporter">
    <ignored/>
  </testcase> <!-- @BeforeTest Deleteimages -->
  <testcase name="@BeforeTest Deleteimages" time="0.0" classname="utils.Reporter">
    <ignored/>
  </testcase> <!-- @BeforeTest Deleteimages -->
  <testcase name="@BeforeSuite startReport" time="0.0" classname="utils.Reporter">
    <ignored/>
  </testcase> <!-- @BeforeSuite startReport -->
  <testcase name="@BeforeSuite startReport" time="0.0" classname="utils.Reporter">
    <ignored/>
  </testcase> <!-- @BeforeSuite startReport -->
</testsuite> <!-- Test -->
