<?xml version="1.0" encoding="UTF-8"?>
<!-- Generated by org.testng.reporters.JUnitXMLReporter -->
<testsuite hostname="ProIIDWS-01" ignored="0" name="Test" tests="2" failures="1" timestamp="04 Sep 2019 12:21:55 GMT" time="10.511" errors="0">
  <testcase name="@AfterMethod afterMethod" time="0.061" classname="com.protech.selenium.api.base.SeleniumBase">
    <failure type="org.openqa.selenium.NoSuchWindowException" message="no such window: target window already closed
from unknown error: web view not found
  (Session info: chrome=76.0.3809.132)
Build info: version: &amp;apos;3.141.59&amp;apos;, revision: &amp;apos;e82be7d358&amp;apos;, time: &amp;apos;2018-11-14T08:17:03&amp;apos;
System info: host: &amp;apos;PROIIDWS-01&amp;apos;, ip: &amp;apos;192.168.111.150&amp;apos;, os.name: &amp;apos;Windows Server 2016&amp;apos;, os.arch: &amp;apos;amd64&amp;apos;, os.version: &amp;apos;10.0&amp;apos;, java.version: &amp;apos;1.8.0_201&amp;apos;
Driver info: org.openqa.selenium.chrome.ChromeDriver
Capabilities {acceptInsecureCerts: false, browserName: chrome, browserVersion: 76.0.3809.132, chrome: {chromedriverVersion: 75.0.3770.140 (2d9f97485c7b..., userDataDir: C:\Users\IID_US~1\AppData\L...}, goog:chromeOptions: {debuggerAddress: localhost:62080}, javascriptEnabled: true, networkConnectionEnabled: false, pageLoadStrategy: normal, platform: XP, platformName: XP, proxy: Proxy(), setWindowRect: true, strictFileInteractability: false, timeouts: {implicit: 0, pageLoad: 300000, script: 30000}, unhandledPromptBehavior: dismiss and notify}
Session ID: a560d4d8f943af6286be410c6ac999e7">
      <![CDATA[org.openqa.selenium.NoSuchWindowException: no such window: target window already closed
from unknown error: web view not found
  (Session info: chrome=76.0.3809.132)
Build info: version: '3.141.59', revision: 'e82be7d358', time: '2018-11-14T08:17:03'
System info: host: 'PROIIDWS-01', ip: '192.168.111.150', os.name: 'Windows Server 2016', os.arch: 'amd64', os.version: '10.0', java.version: '1.8.0_201'
Driver info: org.openqa.selenium.chrome.ChromeDriver
Capabilities {acceptInsecureCerts: false, browserName: chrome, browserVersion: 76.0.3809.132, chrome: {chromedriverVersion: 75.0.3770.140 (2d9f97485c7b..., userDataDir: C:\Users\IID_US~1\AppData\L...}, goog:chromeOptions: {debuggerAddress: localhost:62080}, javascriptEnabled: true, networkConnectionEnabled: false, pageLoadStrategy: normal, platform: XP, platformName: XP, proxy: Proxy(), setWindowRect: true, strictFileInteractability: false, timeouts: {implicit: 0, pageLoad: 300000, script: 30000}, unhandledPromptBehavior: dismiss and notify}
Session ID: a560d4d8f943af6286be410c6ac999e7
at org.openqa.selenium.remote.http.W3CHttpResponseCodec.createException(W3CHttpResponseCodec.java:187)
at org.openqa.selenium.remote.http.W3CHttpResponseCodec.decode(W3CHttpResponseCodec.java:122)
at org.openqa.selenium.remote.http.W3CHttpResponseCodec.decode(W3CHttpResponseCodec.java:49)
at org.openqa.selenium.remote.HttpCommandExecutor.execute(HttpCommandExecutor.java:158)
at org.openqa.selenium.remote.service.DriverCommandExecutor.execute(DriverCommandExecutor.java:83)
at org.openqa.selenium.remote.RemoteWebDriver.execute(RemoteWebDriver.java:552)
at org.openqa.selenium.remote.RemoteWebDriver.execute(RemoteWebDriver.java:609)
at org.openqa.selenium.remote.RemoteWebDriver.close(RemoteWebDriver.java:442)
at com.protech.selenium.api.base.SeleniumBase.afterMethod(SeleniumBase.java:62)
... Removed 32 stack frames]]>
    </failure>
  </testcase> <!-- @AfterMethod afterMethod -->
  <testcase name="@BeforeMethod beforeMethod" time="0.0" classname="com.protech.selenium.api.base.SeleniumBase">
    <skipped/>
  </testcase> <!-- @BeforeMethod beforeMethod -->
  <testcase name="@AfterMethod afterMethod" time="0.0" classname="com.protech.selenium.api.base.SeleniumBase">
    <skipped/>
  </testcase> <!-- @AfterMethod afterMethod -->
  <testcase name="VerifyLogin" time="3.515" classname="com.protech.nvkids.testcases.BSTL_Testscript">
    <failure type="java.lang.RuntimeException" message="Unexpected result for screenshot command: null">
      <![CDATA[java.lang.RuntimeException: Unexpected result for screenshot command: null
at org.openqa.selenium.remote.RemoteWebDriver.getScreenshotAs(RemoteWebDriver.java:304)
at com.protech.selenium.api.base.SeleniumBase.takeSnap(SeleniumBase.java:432)
at com.protech.selenium.api.base.SeleniumBase.click(SeleniumBase.java:145)
at com.protech.nvkids.pages.LOGIN_Page.login(LOGIN_Page.java:32)
at com.protech.nvkids.testcases.BSTL_Testscript.VerifyLogin(BSTL_Testscript.java:34)
... Removed 25 stack frames]]>
    </failure>
  </testcase> <!-- VerifyLogin -->
  <testcase name="verifyCURSORfocus_SET" time="0.0" classname="com.protech.nvkids.testcases.BSTL_Testscript">
    <skipped/>
  </testcase> <!-- verifyCURSORfocus_SET -->
</testsuite> <!-- Test -->
